<?xml version="1.0" encoding="UTF-8"?>
<!-- Generated by org.testng.reporters.JUnitReportReporter -->
<testsuite hostname="DESKTOP-THC7EE7" failures="0" tests="1" name="Automation.assignment1.HomePage" time="12.546" errors="0" timestamp="2021-11-10T18:53:59 IST" skipped="0">
  <testcase classname="Automation.assignment1.HomePage" name="homePageTest" time="12.546"/>
  <system-out/>
</testsuite> <!-- Automation.assignment1.HomePage -->
